2024-08-07T09:01:56.934+05:30  INFO 26304 --- [09-spring-rest-one-to-many-mapping] [restartedMain] com.techlabs.app.Application             : Starting Application using Java 21.0.3 with PID 26304 (D:\SpringFolder\09-spring-rest-one-to-many-mapping\target\classes started by bhati in D:\SpringFolder\09-spring-rest-one-to-many-mapping)
2024-08-07T09:01:56.937+05:30  INFO 26304 --- [09-spring-rest-one-to-many-mapping] [restartedMain] com.techlabs.app.Application             : No active profile set, falling back to 1 default profile: "default"
2024-08-07T09:01:56.995+05:30  INFO 26304 --- [09-spring-rest-one-to-many-mapping] [restartedMain] .e.DevToolsPropertyDefaultsPostProcessor : Devtools property defaults active! Set 'spring.devtools.add-properties' to 'false' to disable
2024-08-07T09:01:56.996+05:30  INFO 26304 --- [09-spring-rest-one-to-many-mapping] [restartedMain] .e.DevToolsPropertyDefaultsPostProcessor : For additional web related logging consider setting the 'logging.level.web' property to 'DEBUG'
2024-08-07T09:01:57.869+05:30  INFO 26304 --- [09-spring-rest-one-to-many-mapping] [restartedMain] .s.d.r.c.RepositoryConfigurationDelegate : Bootstrapping Spring Data JPA repositories in DEFAULT mode.
2024-08-07T09:01:57.950+05:30  INFO 26304 --- [09-spring-rest-one-to-many-mapping] [restartedMain] .s.d.r.c.RepositoryConfigurationDelegate : Finished Spring Data repository scanning in 67 ms. Found 2 JPA repository interfaces.
2024-08-07T09:01:58.699+05:30  INFO 26304 --- [09-spring-rest-one-to-many-mapping] [restartedMain] o.s.b.w.embedded.tomcat.TomcatWebServer  : Tomcat initialized with port 8082 (http)
2024-08-07T09:01:58.721+05:30  INFO 26304 --- [09-spring-rest-one-to-many-mapping] [restartedMain] o.apache.catalina.core.StandardService   : Starting service [Tomcat]
2024-08-07T09:01:58.721+05:30  INFO 26304 --- [09-spring-rest-one-to-many-mapping] [restartedMain] o.apache.catalina.core.StandardEngine    : Starting Servlet engine: [Apache Tomcat/10.1.26]
2024-08-07T09:01:58.785+05:30  INFO 26304 --- [09-spring-rest-one-to-many-mapping] [restartedMain] o.a.c.c.C.[Tomcat].[localhost].[/]       : Initializing Spring embedded WebApplicationContext
2024-08-07T09:01:58.785+05:30  INFO 26304 --- [09-spring-rest-one-to-many-mapping] [restartedMain] w.s.c.ServletWebServerApplicationContext : Root WebApplicationContext: initialization completed in 1788 ms
2024-08-07T09:01:59.020+05:30  INFO 26304 --- [09-spring-rest-one-to-many-mapping] [restartedMain] o.hibernate.jpa.internal.util.LogHelper  : HHH000204: Processing PersistenceUnitInfo [name: default]
2024-08-07T09:01:59.122+05:30  INFO 26304 --- [09-spring-rest-one-to-many-mapping] [restartedMain] org.hibernate.Version                    : HHH000412: Hibernate ORM core version 6.5.2.Final
2024-08-07T09:01:59.185+05:30  INFO 26304 --- [09-spring-rest-one-to-many-mapping] [restartedMain] o.h.c.internal.RegionFactoryInitiator    : HHH000026: Second-level cache disabled
2024-08-07T09:01:59.556+05:30  INFO 26304 --- [09-spring-rest-one-to-many-mapping] [restartedMain] o.s.o.j.p.SpringPersistenceUnitInfo      : No LoadTimeWeaver setup: ignoring JPA class transformer
2024-08-07T09:01:59.590+05:30  INFO 26304 --- [09-spring-rest-one-to-many-mapping] [restartedMain] com.zaxxer.hikari.HikariDataSource       : HikariPool-1 - Starting...
2024-08-07T09:02:00.027+05:30  INFO 26304 --- [09-spring-rest-one-to-many-mapping] [restartedMain] com.zaxxer.hikari.pool.HikariPool        : HikariPool-1 - Added connection com.mysql.cj.jdbc.ConnectionImpl@7fe69bb9
2024-08-07T09:02:00.031+05:30  INFO 26304 --- [09-spring-rest-one-to-many-mapping] [restartedMain] com.zaxxer.hikari.HikariDataSource       : HikariPool-1 - Start completed.
2024-08-07T09:02:01.042+05:30  INFO 26304 --- [09-spring-rest-one-to-many-mapping] [restartedMain] o.h.e.t.j.p.i.JtaPlatformInitiator       : HHH000489: No JTA platform available (set 'hibernate.transaction.jta.platform' to enable JTA platform integration)
2024-08-07T09:02:01.124+05:30  INFO 26304 --- [09-spring-rest-one-to-many-mapping] [restartedMain] j.LocalContainerEntityManagerFactoryBean : Initialized JPA EntityManagerFactory for persistence unit 'default'
2024-08-07T09:02:01.486+05:30  WARN 26304 --- [09-spring-rest-one-to-many-mapping] [restartedMain] JpaBaseConfiguration$JpaWebConfiguration : spring.jpa.open-in-view is enabled by default. Therefore, database queries may be performed during view rendering. Explicitly configure spring.jpa.open-in-view to disable this warning
2024-08-07T09:02:01.906+05:30  INFO 26304 --- [09-spring-rest-one-to-many-mapping] [restartedMain] o.s.b.d.a.OptionalLiveReloadServer       : LiveReload server is running on port 35729
2024-08-07T09:02:01.947+05:30  INFO 26304 --- [09-spring-rest-one-to-many-mapping] [restartedMain] o.s.b.w.embedded.tomcat.TomcatWebServer  : Tomcat started on port 8082 (http) with context path '/'
2024-08-07T09:02:01.960+05:30  INFO 26304 --- [09-spring-rest-one-to-many-mapping] [restartedMain] com.techlabs.app.Application             : Started Application in 5.513 seconds (process running for 6.155)
2024-08-07T09:03:36.060+05:30  INFO 26304 --- [09-spring-rest-one-to-many-mapping] [File Watcher] rtingClassPathChangeChangedEventListener : Restarting due to 1 class path change (0 additions, 0 deletions, 1 modification)
2024-08-07T09:03:36.070+05:30  INFO 26304 --- [09-spring-rest-one-to-many-mapping] [Thread-5] j.LocalContainerEntityManagerFactoryBean : Closing JPA EntityManagerFactory for persistence unit 'default'
2024-08-07T09:03:36.078+05:30  INFO 26304 --- [09-spring-rest-one-to-many-mapping] [Thread-5] com.zaxxer.hikari.HikariDataSource       : HikariPool-1 - Shutdown initiated...
2024-08-07T09:03:36.094+05:30  INFO 26304 --- [09-spring-rest-one-to-many-mapping] [Thread-5] com.zaxxer.hikari.HikariDataSource       : HikariPool-1 - Shutdown completed.
2024-08-07T09:03:36.187+05:30  INFO 26304 --- [09-spring-rest-one-to-many-mapping] [restartedMain] com.techlabs.app.Application             : Starting Application using Java 21.0.3 with PID 26304 (D:\SpringFolder\09-spring-rest-one-to-many-mapping\target\classes started by bhati in D:\SpringFolder\09-spring-rest-one-to-many-mapping)
2024-08-07T09:03:36.187+05:30 DEBUG 26304 --- [09-spring-rest-one-to-many-mapping] [restartedMain] com.techlabs.app.Application             : Running with Spring Boot v3.3.2, Spring v6.1.11
2024-08-07T09:03:36.187+05:30  INFO 26304 --- [09-spring-rest-one-to-many-mapping] [restartedMain] com.techlabs.app.Application             : No active profile set, falling back to 1 default profile: "default"
2024-08-07T09:03:36.475+05:30  INFO 26304 --- [09-spring-rest-one-to-many-mapping] [restartedMain] .s.d.r.c.RepositoryConfigurationDelegate : Bootstrapping Spring Data JPA repositories in DEFAULT mode.
2024-08-07T09:03:36.491+05:30  INFO 26304 --- [09-spring-rest-one-to-many-mapping] [restartedMain] .s.d.r.c.RepositoryConfigurationDelegate : Finished Spring Data repository scanning in 15 ms. Found 2 JPA repository interfaces.
2024-08-07T09:03:36.655+05:30  INFO 26304 --- [09-spring-rest-one-to-many-mapping] [restartedMain] o.s.b.w.embedded.tomcat.TomcatWebServer  : Tomcat initialized with port 8082 (http)
2024-08-07T09:03:36.657+05:30  INFO 26304 --- [09-spring-rest-one-to-many-mapping] [restartedMain] o.apache.catalina.core.StandardService   : Starting service [Tomcat]
2024-08-07T09:03:36.657+05:30  INFO 26304 --- [09-spring-rest-one-to-many-mapping] [restartedMain] o.apache.catalina.core.StandardEngine    : Starting Servlet engine: [Apache Tomcat/10.1.26]
2024-08-07T09:03:36.684+05:30  INFO 26304 --- [09-spring-rest-one-to-many-mapping] [restartedMain] o.a.c.c.C.[Tomcat].[localhost].[/]       : Initializing Spring embedded WebApplicationContext
2024-08-07T09:03:36.685+05:30  INFO 26304 --- [09-spring-rest-one-to-many-mapping] [restartedMain] w.s.c.ServletWebServerApplicationContext : Root WebApplicationContext: initialization completed in 495 ms
2024-08-07T09:03:36.743+05:30  INFO 26304 --- [09-spring-rest-one-to-many-mapping] [restartedMain] o.hibernate.jpa.internal.util.LogHelper  : HHH000204: Processing PersistenceUnitInfo [name: default]
2024-08-07T09:03:36.746+05:30  INFO 26304 --- [09-spring-rest-one-to-many-mapping] [restartedMain] o.h.c.internal.RegionFactoryInitiator    : HHH000026: Second-level cache disabled
2024-08-07T09:03:36.761+05:30  INFO 26304 --- [09-spring-rest-one-to-many-mapping] [restartedMain] o.s.o.j.p.SpringPersistenceUnitInfo      : No LoadTimeWeaver setup: ignoring JPA class transformer
2024-08-07T09:03:36.763+05:30  INFO 26304 --- [09-spring-rest-one-to-many-mapping] [restartedMain] com.zaxxer.hikari.HikariDataSource       : HikariPool-2 - Starting...
2024-08-07T09:03:36.785+05:30  INFO 26304 --- [09-spring-rest-one-to-many-mapping] [restartedMain] com.zaxxer.hikari.pool.HikariPool        : HikariPool-2 - Added connection com.mysql.cj.jdbc.ConnectionImpl@828ef55
2024-08-07T09:03:36.786+05:30  INFO 26304 --- [09-spring-rest-one-to-many-mapping] [restartedMain] com.zaxxer.hikari.HikariDataSource       : HikariPool-2 - Start completed.
2024-08-07T09:03:36.867+05:30  INFO 26304 --- [09-spring-rest-one-to-many-mapping] [restartedMain] o.h.e.t.j.p.i.JtaPlatformInitiator       : HHH000489: No JTA platform available (set 'hibernate.transaction.jta.platform' to enable JTA platform integration)
2024-08-07T09:03:36.909+05:30  INFO 26304 --- [09-spring-rest-one-to-many-mapping] [restartedMain] j.LocalContainerEntityManagerFactoryBean : Initialized JPA EntityManagerFactory for persistence unit 'default'
2024-08-07T09:03:37.017+05:30  WARN 26304 --- [09-spring-rest-one-to-many-mapping] [restartedMain] JpaBaseConfiguration$JpaWebConfiguration : spring.jpa.open-in-view is enabled by default. Therefore, database queries may be performed during view rendering. Explicitly configure spring.jpa.open-in-view to disable this warning
2024-08-07T09:03:37.205+05:30  INFO 26304 --- [09-spring-rest-one-to-many-mapping] [restartedMain] o.s.b.d.a.OptionalLiveReloadServer       : LiveReload server is running on port 35729
2024-08-07T09:03:37.219+05:30  INFO 26304 --- [09-spring-rest-one-to-many-mapping] [restartedMain] o.s.b.w.embedded.tomcat.TomcatWebServer  : Tomcat started on port 8082 (http) with context path '/'
2024-08-07T09:03:37.225+05:30  INFO 26304 --- [09-spring-rest-one-to-many-mapping] [restartedMain] com.techlabs.app.Application             : Started Application in 1.081 seconds (process running for 101.419)
2024-08-07T09:03:37.228+05:30  INFO 26304 --- [09-spring-rest-one-to-many-mapping] [restartedMain] .ConditionEvaluationDeltaLoggingListener : Condition evaluation unchanged
2024-08-07T09:04:32.781+05:30  INFO 26304 --- [09-spring-rest-one-to-many-mapping] [File Watcher] rtingClassPathChangeChangedEventListener : Restarting due to 1 class path change (0 additions, 0 deletions, 1 modification)
2024-08-07T09:04:32.792+05:30  INFO 26304 --- [09-spring-rest-one-to-many-mapping] [Thread-7] j.LocalContainerEntityManagerFactoryBean : Closing JPA EntityManagerFactory for persistence unit 'default'
2024-08-07T09:04:32.793+05:30  INFO 26304 --- [09-spring-rest-one-to-many-mapping] [Thread-7] com.zaxxer.hikari.HikariDataSource       : HikariPool-2 - Shutdown initiated...
2024-08-07T09:04:32.800+05:30  INFO 26304 --- [09-spring-rest-one-to-many-mapping] [Thread-7] com.zaxxer.hikari.HikariDataSource       : HikariPool-2 - Shutdown completed.
2024-08-07T09:04:32.872+05:30  INFO 26304 --- [09-spring-rest-one-to-many-mapping] [restartedMain] com.techlabs.app.Application             : Starting Application using Java 21.0.3 with PID 26304 (D:\SpringFolder\09-spring-rest-one-to-many-mapping\target\classes started by bhati in D:\SpringFolder\09-spring-rest-one-to-many-mapping)
2024-08-07T09:04:32.874+05:30 DEBUG 26304 --- [09-spring-rest-one-to-many-mapping] [restartedMain] com.techlabs.app.Application             : Running with Spring Boot v3.3.2, Spring v6.1.11
2024-08-07T09:04:32.874+05:30  INFO 26304 --- [09-spring-rest-one-to-many-mapping] [restartedMain] com.techlabs.app.Application             : No active profile set, falling back to 1 default profile: "default"
2024-08-07T09:04:33.075+05:30  INFO 26304 --- [09-spring-rest-one-to-many-mapping] [restartedMain] .s.d.r.c.RepositoryConfigurationDelegate : Bootstrapping Spring Data JPA repositories in DEFAULT mode.
2024-08-07T09:04:33.090+05:30  INFO 26304 --- [09-spring-rest-one-to-many-mapping] [restartedMain] .s.d.r.c.RepositoryConfigurationDelegate : Finished Spring Data repository scanning in 14 ms. Found 2 JPA repository interfaces.
2024-08-07T09:04:33.224+05:30  INFO 26304 --- [09-spring-rest-one-to-many-mapping] [restartedMain] o.s.b.w.embedded.tomcat.TomcatWebServer  : Tomcat initialized with port 8082 (http)
2024-08-07T09:04:33.225+05:30  INFO 26304 --- [09-spring-rest-one-to-many-mapping] [restartedMain] o.apache.catalina.core.StandardService   : Starting service [Tomcat]
2024-08-07T09:04:33.225+05:30  INFO 26304 --- [09-spring-rest-one-to-many-mapping] [restartedMain] o.apache.catalina.core.StandardEngine    : Starting Servlet engine: [Apache Tomcat/10.1.26]
2024-08-07T09:04:33.256+05:30  INFO 26304 --- [09-spring-rest-one-to-many-mapping] [restartedMain] o.a.c.c.C.[Tomcat].[localhost].[/]       : Initializing Spring embedded WebApplicationContext
2024-08-07T09:04:33.256+05:30  INFO 26304 --- [09-spring-rest-one-to-many-mapping] [restartedMain] w.s.c.ServletWebServerApplicationContext : Root WebApplicationContext: initialization completed in 380 ms
2024-08-07T09:04:33.303+05:30  INFO 26304 --- [09-spring-rest-one-to-many-mapping] [restartedMain] o.hibernate.jpa.internal.util.LogHelper  : HHH000204: Processing PersistenceUnitInfo [name: default]
2024-08-07T09:04:33.306+05:30  INFO 26304 --- [09-spring-rest-one-to-many-mapping] [restartedMain] o.h.c.internal.RegionFactoryInitiator    : HHH000026: Second-level cache disabled
2024-08-07T09:04:33.321+05:30  INFO 26304 --- [09-spring-rest-one-to-many-mapping] [restartedMain] o.s.o.j.p.SpringPersistenceUnitInfo      : No LoadTimeWeaver setup: ignoring JPA class transformer
2024-08-07T09:04:33.322+05:30  INFO 26304 --- [09-spring-rest-one-to-many-mapping] [restartedMain] com.zaxxer.hikari.HikariDataSource       : HikariPool-3 - Starting...
2024-08-07T09:04:33.340+05:30  INFO 26304 --- [09-spring-rest-one-to-many-mapping] [restartedMain] com.zaxxer.hikari.pool.HikariPool        : HikariPool-3 - Added connection com.mysql.cj.jdbc.ConnectionImpl@1f2c0c1b
2024-08-07T09:04:33.341+05:30  INFO 26304 --- [09-spring-rest-one-to-many-mapping] [restartedMain] com.zaxxer.hikari.HikariDataSource       : HikariPool-3 - Start completed.
2024-08-07T09:04:33.416+05:30  INFO 26304 --- [09-spring-rest-one-to-many-mapping] [restartedMain] o.h.e.t.j.p.i.JtaPlatformInitiator       : HHH000489: No JTA platform available (set 'hibernate.transaction.jta.platform' to enable JTA platform integration)
2024-08-07T09:04:33.447+05:30  INFO 26304 --- [09-spring-rest-one-to-many-mapping] [restartedMain] j.LocalContainerEntityManagerFactoryBean : Initialized JPA EntityManagerFactory for persistence unit 'default'
2024-08-07T09:04:33.544+05:30  WARN 26304 --- [09-spring-rest-one-to-many-mapping] [restartedMain] JpaBaseConfiguration$JpaWebConfiguration : spring.jpa.open-in-view is enabled by default. Therefore, database queries may be performed during view rendering. Explicitly configure spring.jpa.open-in-view to disable this warning
2024-08-07T09:04:33.641+05:30  INFO 26304 --- [09-spring-rest-one-to-many-mapping] [restartedMain] o.s.b.d.a.OptionalLiveReloadServer       : LiveReload server is running on port 35729
2024-08-07T09:04:33.653+05:30  INFO 26304 --- [09-spring-rest-one-to-many-mapping] [restartedMain] o.s.b.w.embedded.tomcat.TomcatWebServer  : Tomcat started on port 8082 (http) with context path '/'
2024-08-07T09:04:33.656+05:30  INFO 26304 --- [09-spring-rest-one-to-many-mapping] [restartedMain] com.techlabs.app.Application             : Started Application in 0.812 seconds (process running for 157.851)
2024-08-07T09:04:33.657+05:30  INFO 26304 --- [09-spring-rest-one-to-many-mapping] [restartedMain] .ConditionEvaluationDeltaLoggingListener : Condition evaluation unchanged
2024-08-07T09:05:38.202+05:30  INFO 26304 --- [09-spring-rest-one-to-many-mapping] [File Watcher] rtingClassPathChangeChangedEventListener : Restarting due to 1 class path change (0 additions, 0 deletions, 1 modification)
2024-08-07T09:05:38.212+05:30  INFO 26304 --- [09-spring-rest-one-to-many-mapping] [Thread-11] j.LocalContainerEntityManagerFactoryBean : Closing JPA EntityManagerFactory for persistence unit 'default'
2024-08-07T09:05:38.213+05:30  INFO 26304 --- [09-spring-rest-one-to-many-mapping] [Thread-11] com.zaxxer.hikari.HikariDataSource       : HikariPool-3 - Shutdown initiated...
2024-08-07T09:05:38.220+05:30  INFO 26304 --- [09-spring-rest-one-to-many-mapping] [Thread-11] com.zaxxer.hikari.HikariDataSource       : HikariPool-3 - Shutdown completed.
